<?xml version="1.0" encoding="UTF-8" ?>
<testsuites>
  <testsuite errors="0" failures="1" hostname="DESKTOP-N9BEPON" id="0" name="SuiteTests" package="ant_junit" skipped="0" tests="3" time="0.097" timestamp="2024-03-12T17:53:49">
      <properties>
[...]
</properties>

      <testcase classname="ant_junit.AddTest" name="addtest2" time="0.002" />

      <testcase classname="ant_junit.AddTest" name="addtest" time="0.005">
          <failure message="expected:&lt;20.0&gt; but was:&lt;10.0&gt;" type="junit.framework.AssertionFailedError">junit.framework.AssertionFailedError: expected:&lt;20.0&gt; but was:&lt;10.0&gt;
	at ant_junit.AddTest.addtest(AddTest.java:14)
	at java.base/jdk.internal.reflect.NativeMethodAccessorImpl.invoke0(Native Method)
	at java.base/jdk.internal.reflect.NativeMethodAccessorImpl.invoke(NativeMethodAccessorImpl.java:77)
	at java.base/jdk.internal.reflect.DelegatingMethodAccessorImpl.invoke(DelegatingMethodAccessorImpl.java:43)
</failure>

      </testcase>

      <testcase classname="ant_junit.MultTest" name="test" time="0.0" />

      <system-out><![CDATA[test calculatrice.add
test calculatrice.add
test calculatrice.add double
]]></system-out>

      <system-err><![CDATA[]]></system-err>

  </testsuite>
</testsuites>
